<?xml version="1.0" encoding="UTF-8"?>
<testng-results ignored="6" total="16" passed="9" failed="1" skipped="0">
  <reporter-output>
  </reporter-output>
  <suite started-at="2022-04-04T16:43:54 MSK" name="Surefire suite" finished-at="2022-04-04T16:43:59 MSK" duration-ms="5245">
    <groups>
    </groups>
    <test started-at="2022-04-04T16:43:54 MSK" name="Surefire test" finished-at="2022-04-04T16:43:59 MSK" duration-ms="5245">
      <class name="TestHomePage">
        <test-method signature="goToDeliveryInfo()[pri:0, instance:TestHomePage@52f9e8bb]" started-at="2022-04-04T16:43:56 MSK" name="goToDeliveryInfo" finished-at="2022-04-04T16:43:57 MSK" duration-ms="157" status="PASS">
          <reporter-output>
          </reporter-output>
        </test-method> <!-- goToDeliveryInfo -->
        <test-method signature="goToHome()[pri:0, instance:TestHomePage@52f9e8bb]" started-at="2022-04-04T16:43:57 MSK" name="goToHome" finished-at="2022-04-04T16:43:57 MSK" duration-ms="174" status="PASS">
          <reporter-output>
          </reporter-output>
        </test-method> <!-- goToHome -->
        <test-method signature="goToRubberDucks()[pri:0, instance:TestHomePage@52f9e8bb]" started-at="2022-04-04T16:43:57 MSK" name="goToRubberDucks" finished-at="2022-04-04T16:43:57 MSK" duration-ms="150" status="PASS">
          <reporter-output>
          </reporter-output>
        </test-method> <!-- goToRubberDucks -->
        <test-method signature="goToSubcategory()[pri:0, instance:TestHomePage@52f9e8bb]" started-at="2022-04-04T16:43:57 MSK" name="goToSubcategory" finished-at="2022-04-04T16:43:57 MSK" duration-ms="380" status="FAIL">
          <exception class="java.lang.AssertionError">
            <message>
              <![CDATA[null]]>
            </message>
            <full-stacktrace>
              <![CDATA[java.lang.AssertionError: null
at org.testng.Assert.fail(Assert.java:110)
at org.testng.Assert.fail(Assert.java:115)
at TestHomePage.goToSubcategory(TestHomePage.java:65)
at java.base/jdk.internal.reflect.DirectMethodHandleAccessor.invoke(DirectMethodHandleAccessor.java:104)
at java.base/java.lang.reflect.Method.invoke(Method.java:577)
at org.testng.internal.invokers.MethodInvocationHelper.invokeMethod(MethodInvocationHelper.java:135)
at org.testng.internal.invokers.TestInvoker.invokeMethod(TestInvoker.java:673)
at org.testng.internal.invokers.TestInvoker.invokeTestMethod(TestInvoker.java:220)
at org.testng.internal.invokers.MethodRunner.runInSequence(MethodRunner.java:50)
at org.testng.internal.invokers.TestInvoker$MethodInvocationAgent.invoke(TestInvoker.java:945)
at org.testng.internal.invokers.TestInvoker.invokeTestMethods(TestInvoker.java:193)
at org.testng.internal.invokers.TestMethodWorker.invokeTestMethods(TestMethodWorker.java:146)
at org.testng.internal.invokers.TestMethodWorker.run(TestMethodWorker.java:128)
at java.base/java.util.ArrayList.forEach(ArrayList.java:1511)
at org.testng.TestRunner.privateRun(TestRunner.java:808)
at org.testng.TestRunner.run(TestRunner.java:603)
at org.testng.SuiteRunner.runTest(SuiteRunner.java:429)
at org.testng.SuiteRunner.runSequentially(SuiteRunner.java:423)
at org.testng.SuiteRunner.privateRun(SuiteRunner.java:383)
at org.testng.SuiteRunner.run(SuiteRunner.java:326)
at org.testng.SuiteRunnerWorker.runSuite(SuiteRunnerWorker.java:52)
at org.testng.SuiteRunnerWorker.run(SuiteRunnerWorker.java:95)
at org.testng.TestNG.runSuitesSequentially(TestNG.java:1249)
at org.testng.TestNG.runSuitesLocally(TestNG.java:1169)
at org.testng.TestNG.runSuites(TestNG.java:1092)
at org.testng.TestNG.run(TestNG.java:1060)
at org.apache.maven.surefire.testng.TestNGExecutor.run(TestNGExecutor.java:135)
at org.apache.maven.surefire.testng.TestNGDirectoryTestSuite.executeMulti(TestNGDirectoryTestSuite.java:193)
at org.apache.maven.surefire.testng.TestNGDirectoryTestSuite.execute(TestNGDirectoryTestSuite.java:94)
at org.apache.maven.surefire.testng.TestNGProvider.invoke(TestNGProvider.java:146)
at org.apache.maven.surefire.booter.ForkedBooter.invokeProviderInSameClassLoader(ForkedBooter.java:386)
at org.apache.maven.surefire.booter.ForkedBooter.runSuitesInProcess(ForkedBooter.java:323)
at org.apache.maven.surefire.booter.ForkedBooter.main(ForkedBooter.java:143)
]]>
            </full-stacktrace>
          </exception> <!-- java.lang.AssertionError -->
          <reporter-output>
          </reporter-output>
        </test-method> <!-- goToSubcategory -->
        <test-method signature="goToTermsConditions()[pri:0, instance:TestHomePage@52f9e8bb]" started-at="2022-04-04T16:43:58 MSK" name="goToTermsConditions" finished-at="2022-04-04T16:43:58 MSK" duration-ms="139" status="PASS">
          <reporter-output>
          </reporter-output>
        </test-method> <!-- goToTermsConditions -->
      </class> <!-- TestHomePage -->
      <class name="TestSubcategory">
        <test-method signature="checkGreenDuckLabel()[pri:0, instance:TestSubcategory@2035d65b]" started-at="2022-04-04T16:43:58 MSK" name="checkGreenDuckLabel" finished-at="2022-04-04T16:43:58 MSK" duration-ms="346" status="PASS">
          <reporter-output>
          </reporter-output>
        </test-method> <!-- checkGreenDuckLabel -->
        <test-method signature="checkPinkDuckLabelCheck()[pri:0, instance:TestSubcategory@2035d65b]" started-at="2022-04-04T16:43:58 MSK" name="checkPinkDuckLabelCheck" finished-at="2022-04-04T16:43:58 MSK" duration-ms="300" status="PASS">
          <reporter-output>
          </reporter-output>
        </test-method> <!-- checkPinkDuckLabelCheck -->
        <test-method signature="checkYellowDuckLabel()[pri:0, instance:TestSubcategory@2035d65b]" started-at="2022-04-04T16:43:58 MSK" name="checkYellowDuckLabel" finished-at="2022-04-04T16:43:59 MSK" duration-ms="302" status="PASS">
          <reporter-output>
          </reporter-output>
        </test-method> <!-- checkYellowDuckLabel -->
      </class> <!-- TestSubcategory -->
      <class name="TestRubberDucks">
        <test-method is-config="true" signature="setup()[pri:0, instance:TestRubberDucks@1cba0321]" started-at="2022-04-04T16:43:54 MSK" name="setup" finished-at="2022-04-04T16:43:55 MSK" duration-ms="1169" status="PASS">
          <reporter-output>
          </reporter-output>
        </test-method> <!-- setup -->
        <test-method signature="sortName()[pri:0, instance:TestRubberDucks@1cba0321]" started-at="2022-04-04T16:43:55 MSK" name="sortName" finished-at="2022-04-04T16:43:56 MSK" duration-ms="974" status="PASS">
          <reporter-output>
          </reporter-output>
        </test-method> <!-- sortName -->
        <test-method signature="sortPrice()[pri:0, instance:TestRubberDucks@1cba0321]" started-at="2022-04-04T16:43:56 MSK" name="sortPrice" finished-at="2022-04-04T16:43:56 MSK" duration-ms="328" status="PASS">
          <reporter-output>
          </reporter-output>
        </test-method> <!-- sortPrice -->
        <test-method is-config="true" signature="tearDown()[pri:0, instance:TestRubberDucks@1cba0321]" started-at="2022-04-04T16:43:59 MSK" name="tearDown" finished-at="2022-04-04T16:43:59 MSK" duration-ms="153" status="PASS">
          <reporter-output>
          </reporter-output>
        </test-method> <!-- tearDown -->
      </class> <!-- TestRubberDucks -->
    </test> <!-- Surefire test -->
  </suite> <!-- Surefire suite -->
</testng-results>
